生成启动时间为 2015/6/16 21:45:53。
     1>项目“F:\cyuyan\编译原理VC2010\实验三DFA_minimize\实验三DFA_minimize.vcxproj”在节点 2 上(build 个目标)。
     1>InitializeBuildStatus:
         正在创建“Debug\实验三DFA_minimize.unsuccessfulbuild”，因为已指定“AlwaysCreate”。
       ClCompile:
         C:\Program Files (x86)\Microsoft Visual Studio 10.0\VC\bin\CL.exe /c /ZI /nologo /W3 /WX- /Od /Oy- /D WIN32 /D _DEBUG /D _CONSOLE /D _UNICODE /D UNICODE /Gm /EHsc /RTC1 /MDd /GS /fp:precise /Zc:wchar_t /Zc:forScope /Fo"Debug\\" /Fd"Debug\vc100.pdb" /Gd /TP /analyze- /errorReport:prompt df_minimizer.cpp
         df_minimizer.cpp
     1>f:\cyuyan\编译原理vc2010\实验三dfa_minimize\df_minimizer.cpp(16): warning C4800: “int”: 将值强制为布尔值“true”或“false”(性能警告)
       ManifestResourceCompile:
         所有输出均为最新。
       Link:
         C:\Program Files (x86)\Microsoft Visual Studio 10.0\VC\bin\link.exe /ERRORREPORT:PROMPT /OUT:"F:\cyuyan\编译原理VC2010\Debug\实验三DFA_minimize.exe" /INCREMENTAL /NOLOGO kernel32.lib user32.lib gdi32.lib winspool.lib comdlg32.lib advapi32.lib shell32.lib ole32.lib oleaut32.lib uuid.lib odbc32.lib odbccp32.lib /MANIFEST /ManifestFile:"Debug\实验三DFA_minimize.exe.intermediate.manifest" /MANIFESTUAC:"level='asInvoker' uiAccess='false'" /DEBUG /PDB:"F:\cyuyan\编译原理VC2010\Debug\实验三DFA_minimize.pdb" /SUBSYSTEM:CONSOLE /TLBID:1 /DYNAMICBASE /NXCOMPAT /IMPLIB:"F:\cyuyan\编译原理VC2010\Debug\实验三DFA_minimize.lib" /MACHINE:X86 "Debug\实验三DFA_minimize.exe.embed.manifest.res"
         Debug\df_minimizer.obj
       Manifest:
         C:\Program Files (x86)\Microsoft SDKs\Windows\v7.0A\bin\mt.exe /nologo /verbose /out:"Debug\实验三DFA_minimize.exe.embed.manifest" /manifest "Debug\实验三DFA_minimize.exe.intermediate.manifest"
         所有输出均为最新。
       LinkEmbedManifest:
         所有输出均为最新。
         实验三DFA_minimize.vcxproj -> F:\cyuyan\编译原理VC2010\Debug\实验三DFA_minimize.exe
       FinalizeBuildStatus:
         正在删除文件“Debug\实验三DFA_minimize.unsuccessfulbuild”。
         正在对“Debug\实验三DFA_minimize.lastbuildstate”执行 Touch 任务。
     1>已完成生成项目“F:\cyuyan\编译原理VC2010\实验三DFA_minimize\实验三DFA_minimize.vcxproj”(build 个目标)的操作。

生成成功。

已用时间 00:00:03.42
