生成启动时间为 2015/6/22 14:55:42。
     1>项目“F:\cyuyan\计算机图形图像\实验4\实验4.vcxproj”在节点 2 上(build 个目标)。
     1>InitializeBuildStatus:
         正在对“Debug\实验4.unsuccessfulbuild”执行 Touch 任务。
       ClCompile:
         C:\Program Files (x86)\Microsoft Visual Studio 10.0\VC\bin\CL.exe /c /ZI /nologo /W3 /WX- /Od /Oy- /D WIN32 /D _DEBUG /D _CONSOLE /D _UNICODE /D UNICODE /Gm /EHsc /RTC1 /MDd /GS /fp:precise /Zc:wchar_t /Zc:forScope /Fo"Debug\\" /Fd"Debug\vc100.pdb" /Gd /TP /analyze- /errorReport:prompt "实验4.cpp"
         实验4.cpp
       ManifestResourceCompile:
         所有输出均为最新。
       Link:
         C:\Program Files (x86)\Microsoft Visual Studio 10.0\VC\bin\link.exe /ERRORREPORT:PROMPT /OUT:"F:\cyuyan\计算机图形图像\Debug\实验4.exe" /INCREMENTAL /NOLOGO /LIBPATH:"F:\我的库\大三下学期课程学习\计算机图形图像\计算机图像学实验\glu+glut+opengl开发库(GL2.0+GLUT1.2.2)\LIB" opengl32.lib glu32.lib glut.lib glaux.lib kernel32.lib user32.lib gdi32.lib winspool.lib comdlg32.lib advapi32.lib shell32.lib ole32.lib oleaut32.lib uuid.lib odbc32.lib odbccp32.lib /MANIFEST /ManifestFile:"Debug\实验4.exe.intermediate.manifest" /MANIFESTUAC:"level='asInvoker' uiAccess='false'" /DEBUG /PDB:"F:\cyuyan\计算机图形图像\Debug\实验4.pdb" /SUBSYSTEM:CONSOLE /TLBID:1 /DYNAMICBASE /NXCOMPAT /IMPLIB:"F:\cyuyan\计算机图形图像\Debug\实验4.lib" /MACHINE:X86 "Debug\实验4.exe.embed.manifest.res"
         "Debug\实验4.obj"
       Manifest:
         C:\Program Files (x86)\Microsoft SDKs\Windows\v7.0A\bin\mt.exe /nologo /verbose /out:"Debug\实验4.exe.embed.manifest" /manifest "Debug\实验4.exe.intermediate.manifest"
         C:\Program Files (x86)\Microsoft SDKs\Windows\v7.0A\bin\rc.exe /nologo /fo"Debug\实验4.exe.embed.manifest.res" "Debug\实验4_manifest.rc" 
       LinkEmbedManifest:
         C:\Program Files (x86)\Microsoft Visual Studio 10.0\VC\bin\link.exe /ERRORREPORT:PROMPT /OUT:"F:\cyuyan\计算机图形图像\Debug\实验4.exe" /INCREMENTAL /NOLOGO /LIBPATH:"F:\我的库\大三下学期课程学习\计算机图形图像\计算机图像学实验\glu+glut+opengl开发库(GL2.0+GLUT1.2.2)\LIB" opengl32.lib glu32.lib glut.lib glaux.lib kernel32.lib user32.lib gdi32.lib winspool.lib comdlg32.lib advapi32.lib shell32.lib ole32.lib oleaut32.lib uuid.lib odbc32.lib odbccp32.lib /MANIFEST /ManifestFile:"Debug\实验4.exe.intermediate.manifest" /MANIFESTUAC:"level='asInvoker' uiAccess='false'" /DEBUG /PDB:"F:\cyuyan\计算机图形图像\Debug\实验4.pdb" /SUBSYSTEM:CONSOLE /TLBID:1 /DYNAMICBASE /NXCOMPAT /IMPLIB:"F:\cyuyan\计算机图形图像\Debug\实验4.lib" /MACHINE:X86 "Debug\实验4.exe.embed.manifest.res"
         "Debug\实验4.obj"
         实验4.vcxproj -> F:\cyuyan\计算机图形图像\Debug\实验4.exe
       FinalizeBuildStatus:
         正在删除文件“Debug\实验4.unsuccessfulbuild”。
         正在对“Debug\实验4.lastbuildstate”执行 Touch 任务。
     1>已完成生成项目“F:\cyuyan\计算机图形图像\实验4\实验4.vcxproj”(build 个目标)的操作。

生成成功。

已用时间 00:00:00.87
